Info: Starting: Create block symbol file (.bsf)
Info: qsys-generate /home/z/ELEC50009/lab2/src/de10-lite-qsys-workshop/nios_setup_v2.qsys --block-symbol-file --output-directory=/home/z/ELEC50009/lab2/src/de10-lite-qsys-workshop/nios_setup_v2 --family="MAX 10" --part=10M50DAF484C6GES
Progress: Loading de10-lite-qsys-workshop/nios_setup_v2.qsys
Progress: Reading input file
Progress: Adding button [altera_avalon_pio 18.1]
Progress: Parameterizing module button
Progress: Adding clk [clock_source 18.1]
Progress: Parameterizing module clk
Progress: Adding cpu [altera_nios2_gen2 18.1]
Progress: Parameterizing module cpu
Progress: Adding hex0 [altera_avalon_pio 18.1]
Progress: Parameterizing module hex0
Progress: Adding hex1 [altera_avalon_pio 18.1]
Progress: Parameterizing module hex1
Progress: Adding hex2 [altera_avalon_pio 18.1]
Progress: Parameterizing module hex2
Progress: Adding hex3 [altera_avalon_pio 18.1]
Progress: Parameterizing module hex3
Progress: Adding hex4 [altera_avalon_pio 18.1]
Progress: Parameterizing module hex4
Progress: Adding hex5 [altera_avalon_pio 18.1]
Progress: Parameterizing module hex5
Progress: Adding jtag_uart [altera_avalon_jtag_uart 18.1]
Progress: Parameterizing module jtag_uart
Progress: Adding led [altera_avalon_pio 18.1]
Progress: Parameterizing module led
Progress: Adding onchip_memory [altera_avalon_onchip_memory2 18.1]
Progress: Parameterizing module onchip_memory
Progress: Adding switch [altera_avalon_pio 18.1]
Progress: Parameterizing module switch
Progress: Adding sysid_qsys_0 [altera_avalon_sysid_qsys 18.1]
Progress: Parameterizing module sysid_qsys_0
Progress: Building connections
Progress: Parameterizing connections
Progress: Validating
Progress: Done reading input file
Info: nios_setup_v2.button: PIO inputs are not hardwired in test bench. Undefined values will be read from PIO inputs during simulation.
Info: nios_setup_v2.jtag_uart: JTAG UART IP input clock need to be at least double (2x) the operating frequency of JTAG TCK on board
Info: nios_setup_v2.switch: PIO inputs are not hardwired in test bench. Undefined values will be read from PIO inputs during simulation.
Info: nios_setup_v2.sysid_qsys_0: System ID is not assigned automatically. Edit the System ID parameter to provide a unique ID
Info: nios_setup_v2.sysid_qsys_0: Time stamp will be automatically updated when this component is generated.
Info: qsys-generate succeeded.
Info: Finished: Create block symbol file (.bsf)
Info: 
Info: Starting: Create HDL design files for synthesis
Info: qsys-generate /home/z/ELEC50009/lab2/src/de10-lite-qsys-workshop/nios_setup_v2.qsys --synthesis=VERILOG --output-directory=/home/z/ELEC50009/lab2/src/de10-lite-qsys-workshop/nios_setup_v2/synthesis --family="MAX 10" --part=10M50DAF484C6GES
Progress: Loading de10-lite-qsys-workshop/nios_setup_v2.qsys
Progress: Reading input file
Progress: Adding button [altera_avalon_pio 18.1]
Progress: Parameterizing module button
Progress: Adding clk [clock_source 18.1]
Progress: Parameterizing module clk
Progress: Adding cpu [altera_nios2_gen2 18.1]
Progress: Parameterizing module cpu
Progress: Adding hex0 [altera_avalon_pio 18.1]
Progress: Parameterizing module hex0
Progress: Adding hex1 [altera_avalon_pio 18.1]
Progress: Parameterizing module hex1
Progress: Adding hex2 [altera_avalon_pio 18.1]
Progress: Parameterizing module hex2
Progress: Adding hex3 [altera_avalon_pio 18.1]
Progress: Parameterizing module hex3
Progress: Adding hex4 [altera_avalon_pio 18.1]
Progress: Parameterizing module hex4
Progress: Adding hex5 [altera_avalon_pio 18.1]
Progress: Parameterizing module hex5
Progress: Adding jtag_uart [altera_avalon_jtag_uart 18.1]
Progress: Parameterizing module jtag_uart
Progress: Adding led [altera_avalon_pio 18.1]
Progress: Parameterizing module led
Progress: Adding onchip_memory [altera_avalon_onchip_memory2 18.1]
Progress: Parameterizing module onchip_memory
Progress: Adding switch [altera_avalon_pio 18.1]
Progress: Parameterizing module switch
Progress: Adding sysid_qsys_0 [altera_avalon_sysid_qsys 18.1]
Progress: Parameterizing module sysid_qsys_0
Progress: Building connections
Progress: Parameterizing connections
Progress: Validating
Progress: Done reading input file
Info: nios_setup_v2.button: PIO inputs are not hardwired in test bench. Undefined values will be read from PIO inputs during simulation.
Info: nios_setup_v2.jtag_uart: JTAG UART IP input clock need to be at least double (2x) the operating frequency of JTAG TCK on board
Info: nios_setup_v2.switch: PIO inputs are not hardwired in test bench. Undefined values will be read from PIO inputs during simulation.
Info: nios_setup_v2.sysid_qsys_0: System ID is not assigned automatically. Edit the System ID parameter to provide a unique ID
Info: nios_setup_v2.sysid_qsys_0: Time stamp will be automatically updated when this component is generated.
Info: nios_setup_v2: Generating nios_setup_v2 "nios_setup_v2" for QUARTUS_SYNTH
Info: button: Starting RTL generation for module 'nios_setup_v2_button'
Info: button:   Generation command is [exec /home/z/intelFPGA_lite/18.1/quartus/linux64/perl/bin/perl -I /home/z/intelFPGA_lite/18.1/quartus/linux64/perl/lib -I /home/z/intelFPGA_lite/18.1/quartus/sopc_builder/bin/europa -I /home/z/intelFPGA_lite/18.1/quartus/sopc_builder/bin/perl_lib -I /home/z/intelFPGA_lite/18.1/quartus/sopc_builder/bin -I /home/z/intelFPGA_lite/18.1/quartus/../ip/altera/sopc_builder_ip/common -I /home/z/intelFPGA_lite/18.1/quartus/../ip/altera/sopc_builder_ip/altera_avalon_pio -- /home/z/intelFPGA_lite/18.1/quartus/../ip/altera/sopc_builder_ip/altera_avalon_pio/generate_rtl.pl --name=nios_setup_v2_button --dir=/tmp/alt0108_5649520354532781412.dir/0002_button_gen/ --quartus_dir=/home/z/intelFPGA_lite/18.1/quartus --verilog --config=/tmp/alt0108_5649520354532781412.dir/0002_button_gen//nios_setup_v2_button_component_configuration.pl  --do_build_sim=0  ]
Info: button: Done RTL generation for module 'nios_setup_v2_button'
Info: button: "nios_setup_v2" instantiated altera_avalon_pio "button"
Info: cpu: "nios_setup_v2" instantiated altera_nios2_gen2 "cpu"
Info: hex0: Starting RTL generation for module 'nios_setup_v2_hex0'
Info: hex0:   Generation command is [exec /home/z/intelFPGA_lite/18.1/quartus/linux64/perl/bin/perl -I /home/z/intelFPGA_lite/18.1/quartus/linux64/perl/lib -I /home/z/intelFPGA_lite/18.1/quartus/sopc_builder/bin/europa -I /home/z/intelFPGA_lite/18.1/quartus/sopc_builder/bin/perl_lib -I /home/z/intelFPGA_lite/18.1/quartus/sopc_builder/bin -I /home/z/intelFPGA_lite/18.1/quartus/../ip/altera/sopc_builder_ip/common -I /home/z/intelFPGA_lite/18.1/quartus/../ip/altera/sopc_builder_ip/altera_avalon_pio -- /home/z/intelFPGA_lite/18.1/quartus/../ip/altera/sopc_builder_ip/altera_avalon_pio/generate_rtl.pl --name=nios_setup_v2_hex0 --dir=/tmp/alt0108_5649520354532781412.dir/0003_hex0_gen/ --quartus_dir=/home/z/intelFPGA_lite/18.1/quartus --verilog --config=/tmp/alt0108_5649520354532781412.dir/0003_hex0_gen//nios_setup_v2_hex0_component_configuration.pl  --do_build_sim=0  ]
Info: hex0: Done RTL generation for module 'nios_setup_v2_hex0'
Info: hex0: "nios_setup_v2" instantiated altera_avalon_pio "hex0"
Info: jtag_uart: Starting RTL generation for module 'nios_setup_v2_jtag_uart'
Info: jtag_uart:   Generation command is [exec /home/z/intelFPGA_lite/18.1/quartus/linux64/perl/bin/perl -I /home/z/intelFPGA_lite/18.1/quartus/linux64/perl/lib -I /home/z/intelFPGA_lite/18.1/quartus/sopc_builder/bin/europa -I /home/z/intelFPGA_lite/18.1/quartus/sopc_builder/bin/perl_lib -I /home/z/intelFPGA_lite/18.1/quartus/sopc_builder/bin -I /home/z/intelFPGA_lite/18.1/quartus/../ip/altera/sopc_builder_ip/common -I /home/z/intelFPGA_lite/18.1/quartus/../ip/altera/sopc_builder_ip/altera_avalon_jtag_uart -- /home/z/intelFPGA_lite/18.1/quartus/../ip/altera/sopc_builder_ip/altera_avalon_jtag_uart/generate_rtl.pl --name=nios_setup_v2_jtag_uart --dir=/tmp/alt0108_5649520354532781412.dir/0004_jtag_uart_gen/ --quartus_dir=/home/z/intelFPGA_lite/18.1/quartus --verilog --config=/tmp/alt0108_5649520354532781412.dir/0004_jtag_uart_gen//nios_setup_v2_jtag_uart_component_configuration.pl  --do_build_sim=0  ]
Info: jtag_uart: Done RTL generation for module 'nios_setup_v2_jtag_uart'
Info: jtag_uart: "nios_setup_v2" instantiated altera_avalon_jtag_uart "jtag_uart"
Info: led: Starting RTL generation for module 'nios_setup_v2_led'
Info: led:   Generation command is [exec /home/z/intelFPGA_lite/18.1/quartus/linux64/perl/bin/perl -I /home/z/intelFPGA_lite/18.1/quartus/linux64/perl/lib -I /home/z/intelFPGA_lite/18.1/quartus/sopc_builder/bin/europa -I /home/z/intelFPGA_lite/18.1/quartus/sopc_builder/bin/perl_lib -I /home/z/intelFPGA_lite/18.1/quartus/sopc_builder/bin -I /home/z/intelFPGA_lite/18.1/quartus/../ip/altera/sopc_builder_ip/common -I /home/z/intelFPGA_lite/18.1/quartus/../ip/altera/sopc_builder_ip/altera_avalon_pio -- /home/z/intelFPGA_lite/18.1/quartus/../ip/altera/sopc_builder_ip/altera_avalon_pio/generate_rtl.pl --name=nios_setup_v2_led --dir=/tmp/alt0108_5649520354532781412.dir/0005_led_gen/ --quartus_dir=/home/z/intelFPGA_lite/18.1/quartus --verilog --config=/tmp/alt0108_5649520354532781412.dir/0005_led_gen//nios_setup_v2_led_component_configuration.pl  --do_build_sim=0  ]
Info: led: Done RTL generation for module 'nios_setup_v2_led'
Info: led: "nios_setup_v2" instantiated altera_avalon_pio "led"
Info: onchip_memory: Starting RTL generation for module 'nios_setup_v2_onchip_memory'
Info: onchip_memory:   Generation command is [exec /home/z/intelFPGA_lite/18.1/quartus/linux64/perl/bin/perl -I /home/z/intelFPGA_lite/18.1/quartus/linux64/perl/lib -I /home/z/intelFPGA_lite/18.1/quartus/sopc_builder/bin/europa -I /home/z/intelFPGA_lite/18.1/quartus/sopc_builder/bin/perl_lib -I /home/z/intelFPGA_lite/18.1/quartus/sopc_builder/bin -I /home/z/intelFPGA_lite/18.1/quartus/../ip/altera/sopc_builder_ip/common -I /home/z/intelFPGA_lite/18.1/quartus/../ip/altera/sopc_builder_ip/altera_avalon_onchip_memory2 -- /home/z/intelFPGA_lite/18.1/quartus/../ip/altera/sopc_builder_ip/altera_avalon_onchip_memory2/generate_rtl.pl --name=nios_setup_v2_onchip_memory --dir=/tmp/alt0108_5649520354532781412.dir/0006_onchip_memory_gen/ --quartus_dir=/home/z/intelFPGA_lite/18.1/quartus --verilog --config=/tmp/alt0108_5649520354532781412.dir/0006_onchip_memory_gen//nios_setup_v2_onchip_memory_component_configuration.pl  --do_build_sim=0  ]
Info: onchip_memory: Done RTL generation for module 'nios_setup_v2_onchip_memory'
Info: onchip_memory: "nios_setup_v2" instantiated altera_avalon_onchip_memory2 "onchip_memory"
Info: switch: Starting RTL generation for module 'nios_setup_v2_switch'
Info: switch:   Generation command is [exec /home/z/intelFPGA_lite/18.1/quartus/linux64/perl/bin/perl -I /home/z/intelFPGA_lite/18.1/quartus/linux64/perl/lib -I /home/z/intelFPGA_lite/18.1/quartus/sopc_builder/bin/europa -I /home/z/intelFPGA_lite/18.1/quartus/sopc_builder/bin/perl_lib -I /home/z/intelFPGA_lite/18.1/quartus/sopc_builder/bin -I /home/z/intelFPGA_lite/18.1/quartus/../ip/altera/sopc_builder_ip/common -I /home/z/intelFPGA_lite/18.1/quartus/../ip/altera/sopc_builder_ip/altera_avalon_pio -- /home/z/intelFPGA_lite/18.1/quartus/../ip/altera/sopc_builder_ip/altera_avalon_pio/generate_rtl.pl --name=nios_setup_v2_switch --dir=/tmp/alt0108_5649520354532781412.dir/0007_switch_gen/ --quartus_dir=/home/z/intelFPGA_lite/18.1/quartus --verilog --config=/tmp/alt0108_5649520354532781412.dir/0007_switch_gen//nios_setup_v2_switch_component_configuration.pl  --do_build_sim=0  ]
Info: switch: Done RTL generation for module 'nios_setup_v2_switch'
Info: switch: "nios_setup_v2" instantiated altera_avalon_pio "switch"
Info: sysid_qsys_0: "nios_setup_v2" instantiated altera_avalon_sysid_qsys "sysid_qsys_0"
Info: avalon_st_adapter: Inserting error_adapter: error_adapter_0
Info: avalon_st_adapter_001: Inserting error_adapter: error_adapter_0
Info: avalon_st_adapter_002: Inserting error_adapter: error_adapter_0
Info: avalon_st_adapter_003: Inserting error_adapter: error_adapter_0
Info: avalon_st_adapter_004: Inserting error_adapter: error_adapter_0
Info: avalon_st_adapter_005: Inserting error_adapter: error_adapter_0
Info: avalon_st_adapter_006: Inserting error_adapter: error_adapter_0
Info: avalon_st_adapter_007: Inserting error_adapter: error_adapter_0
Info: avalon_st_adapter_008: Inserting error_adapter: error_adapter_0
Info: avalon_st_adapter_009: Inserting error_adapter: error_adapter_0
Info: avalon_st_adapter_010: Inserting error_adapter: error_adapter_0
Info: avalon_st_adapter_011: Inserting error_adapter: error_adapter_0
Info: avalon_st_adapter_012: Inserting error_adapter: error_adapter_0
Info: mm_interconnect_0: "nios_setup_v2" instantiated altera_mm_interconnect "mm_interconnect_0"
Info: irq_mapper: "nios_setup_v2" instantiated altera_irq_mapper "irq_mapper"
Info: rst_controller: "nios_setup_v2" instantiated altera_reset_controller "rst_controller"
Info: cpu: Starting RTL generation for module 'nios_setup_v2_cpu_cpu'
Info: cpu:   Generation command is [exec /home/z/intelFPGA_lite/18.1/quartus/linux64//eperlcmd -I /home/z/intelFPGA_lite/18.1/quartus/linux64//perl/lib -I /home/z/intelFPGA_lite/18.1/quartus/sopc_builder/bin/europa -I /home/z/intelFPGA_lite/18.1/quartus/sopc_builder/bin/perl_lib -I /home/z/intelFPGA_lite/18.1/quartus/sopc_builder/bin -I /home/z/intelFPGA_lite/18.1/quartus/../ip/altera/nios2_ip/altera_nios2_gen2/cpu_lib -I /home/z/intelFPGA_lite/18.1/quartus/../ip/altera/nios2_ip/altera_nios2_gen2/nios_lib -I /home/z/intelFPGA_lite/18.1/quartus/../ip/altera/nios2_ip/altera_nios2_gen2 -I /home/z/intelFPGA_lite/18.1/quartus/../ip/altera/nios2_ip/altera_nios2_gen2 -- /home/z/intelFPGA_lite/18.1/quartus/../ip/altera/nios2_ip/altera_nios2_gen2/generate_rtl.epl --name=nios_setup_v2_cpu_cpu --dir=/tmp/alt0108_5649520354532781412.dir/0011_cpu_gen/ --quartus_bindir=/home/z/intelFPGA_lite/18.1/quartus/linux64/ --verilog --config=/tmp/alt0108_5649520354532781412.dir/0011_cpu_gen//nios_setup_v2_cpu_cpu_processor_configuration.pl  --do_build_sim=0  ]
Info: cpu: # 2025.01.21 03:51:17 (*) Starting Nios II generation
Info: cpu: # 2025.01.21 03:51:17 (*)   Checking for plaintext license.
Info: cpu: # 2025.01.21 03:51:17 (*)   Couldn't query license setup in Quartus directory /home/z/intelFPGA_lite/18.1/quartus/linux64/
Info: cpu: # 2025.01.21 03:51:17 (*)   Defaulting to contents of LM_LICENSE_FILE environment variable
Info: cpu: # 2025.01.21 03:51:17 (*)   LM_LICENSE_FILE environment variable is empty
Info: cpu: # 2025.01.21 03:51:17 (*)   Plaintext license not found.
Info: cpu: # 2025.01.21 03:51:17 (*)   No license required to generate encrypted Nios II/e.
Info: cpu: # 2025.01.21 03:51:17 (*)   Elaborating CPU configuration settings
Info: cpu: # 2025.01.21 03:51:17 (*)   Creating all objects for CPU
Info: cpu: # 2025.01.21 03:51:18 (*)   Generating RTL from CPU objects
Info: cpu: # 2025.01.21 03:51:18 (*)   Creating plain-text RTL
Info: cpu: # 2025.01.21 03:51:18 (*) Done Nios II generation
Info: cpu: Done RTL generation for module 'nios_setup_v2_cpu_cpu'
Info: cpu: "cpu" instantiated altera_nios2_gen2_unit "cpu"
Info: cpu_data_master_translator: "mm_interconnect_0" instantiated altera_merlin_master_translator "cpu_data_master_translator"
Info: jtag_uart_avalon_jtag_slave_translator: "mm_interconnect_0" instantiated altera_merlin_slave_translator "jtag_uart_avalon_jtag_slave_translator"
Info: cpu_data_master_agent: "mm_interconnect_0" instantiated altera_merlin_master_agent "cpu_data_master_agent"
Info: jtag_uart_avalon_jtag_slave_agent: "mm_interconnect_0" instantiated altera_merlin_slave_agent "jtag_uart_avalon_jtag_slave_agent"
Info: jtag_uart_avalon_jtag_slave_agent_rsp_fifo: "mm_interconnect_0" instantiated altera_avalon_sc_fifo "jtag_uart_avalon_jtag_slave_agent_rsp_fifo"
Info: router: "mm_interconnect_0" instantiated altera_merlin_router "router"
Info: router_001: "mm_interconnect_0" instantiated altera_merlin_router "router_001"
Info: router_002: "mm_interconnect_0" instantiated altera_merlin_router "router_002"
Info: router_004: "mm_interconnect_0" instantiated altera_merlin_router "router_004"
Info: cmd_demux: "mm_interconnect_0" instantiated altera_merlin_demultiplexer "cmd_demux"
Info: cmd_demux_001: "mm_interconnect_0" instantiated altera_merlin_demultiplexer "cmd_demux_001"
Info: cmd_mux: "mm_interconnect_0" instantiated altera_merlin_multiplexer "cmd_mux"
Info: cmd_mux_002: "mm_interconnect_0" instantiated altera_merlin_multiplexer "cmd_mux_002"
Info: Reusing file /home/z/ELEC50009/lab2/src/de10-lite-qsys-workshop/nios_setup_v2/synthesis/submodules/altera_merlin_arbitrator.sv
Info: rsp_demux: "mm_interconnect_0" instantiated altera_merlin_demultiplexer "rsp_demux"
Info: rsp_mux: "mm_interconnect_0" instantiated altera_merlin_multiplexer "rsp_mux"
Info: Reusing file /home/z/ELEC50009/lab2/src/de10-lite-qsys-workshop/nios_setup_v2/synthesis/submodules/altera_merlin_arbitrator.sv
Info: rsp_mux_001: "mm_interconnect_0" instantiated altera_merlin_multiplexer "rsp_mux_001"
Info: Reusing file /home/z/ELEC50009/lab2/src/de10-lite-qsys-workshop/nios_setup_v2/synthesis/submodules/altera_merlin_arbitrator.sv
Info: avalon_st_adapter: "mm_interconnect_0" instantiated altera_avalon_st_adapter "avalon_st_adapter"
Info: error_adapter_0: "avalon_st_adapter" instantiated error_adapter "error_adapter_0"
Info: nios_setup_v2: Done "nios_setup_v2" with 31 modules, 43 files
Info: qsys-generate succeeded.
Info: Finished: Create HDL design files for synthesis
